<?xml version="1.0" encoding="UTF-8"?>
<!-- Generated by org.testng.reporters.JUnitReportReporter -->
<testsuite hostname="DESKTOP-0UE9EKQ" failures="0" tests="15" name="testBase.DashboardPageTest" time="23.858" errors="0" timestamp="2025-03-31T23:01:10 IST" skipped="0">
  <testcase classname="testBase.DashboardPageTest" name="loginTest001" time="7.042"/>
  <testcase classname="testBase.DashboardPageTest" name="PagenameVerify002" time="0.696"/>
  <testcase classname="testBase.DashboardPageTest" name="clockpageVerify003" time="1.718"/>
  <testcase classname="testBase.DashboardPageTest" name="performancepageVerify004" time="1.176"/>
  <testcase classname="testBase.DashboardPageTest" name="AssignleavepageVerify005" time="0.856"/>
  <testcase classname="testBase.DashboardPageTest" name="leaveListpageVerify006" time="0.913"/>
  <testcase classname="testBase.DashboardPageTest" name="timesheetpageVerify007" time="0.796"/>
  <testcase classname="testBase.DashboardPageTest" name="ApplyleavepageVerify08" time="1.069"/>
  <testcase classname="testBase.DashboardPageTest" name="ApplyleavepageVerify009" time="0.978"/>
  <testcase classname="testBase.DashboardPageTest" name="mytimesheetpageVerify0010" time="0.971"/>
  <testcase classname="testBase.DashboardPageTest" name="EmplloyeeLeavesettingVerify011" time="2.313"/>
  <testcase classname="testBase.DashboardPageTest" name="BUZpageVerify012" time="1.193"/>
  <testcase classname="testBase.DashboardPageTest" name="elementscreenshot_employeeimg_TWBox_Qlbox_MAbox013" time="1.596"/>
  <testcase classname="testBase.DashboardPageTest" name="EmployeeDistributionbySubUnit14" time="0.989"/>
  <testcase classname="testBase.DashboardPageTest" name="Verifyadminmenubuttonworkin" time="1.552"/>
</testsuite> <!-- testBase.DashboardPageTest -->
