<?xml version="1.0" encoding="UTF-8"?>
<!-- Generated by org.testng.reporters.JUnitReportReporter -->
<testsuite hostname="DESKTOP-0UE9EKQ" failures="0" tests="10" name="testBase.Login_Page_test" time="15.131" errors="0" timestamp="2025-03-31T23:01:10 IST" skipped="1">
  <testcase classname="testBase.Login_Page_test" name="loginTest001" time="3.083"/>
  <testcase classname="testBase.Login_Page_test" name="loginTest002" time="1.710"/>
  <testcase classname="testBase.Login_Page_test" name="loginTest003" time="1.082"/>
  <testcase classname="testBase.Login_Page_test" name="loginTest1004" time="2.254"/>
  <testcase classname="testBase.Login_Page_test" name="logoTest005" time="0.666"/>
  <testcase classname="testBase.Login_Page_test" name="forgetpasstest007" time="0.747"/>
  <testcase classname="testBase.Login_Page_test" name="forgetpasscancelTest008" time="0.999"/>
  <testcase classname="testBase.Login_Page_test" name="forgetpasssentest009" time="2.834"/>
  <testcase classname="testBase.Login_Page_test" name="CredentialUserNameAndPassword" time="1.756"/>
  <testcase classname="testBase.Login_Page_test" name="loginTest010">
    <skipped/>
  </testcase> <!-- loginTest010 -->
</testsuite> <!-- testBase.Login_Page_test -->
