<?xml version="1.0" encoding="UTF-8"?>
<!-- Generated by org.testng.reporters.JUnitReportReporter -->
<testsuite hostname="DESKTOP-0UE9EKQ" failures="0" tests="15" name="testBase.DashboardPageTest" time="23.933" errors="0" timestamp="2025-04-09T15:59:34 IST" skipped="0">
  <testcase classname="testBase.DashboardPageTest" name="loginTest001" time="3.684"/>
  <testcase classname="testBase.DashboardPageTest" name="PagenameVerify002" time="0.667"/>
  <testcase classname="testBase.DashboardPageTest" name="clockpageVerify003" time="1.777"/>
  <testcase classname="testBase.DashboardPageTest" name="performancepageVerify004" time="0.892"/>
  <testcase classname="testBase.DashboardPageTest" name="AssignleavepageVerify005" time="0.825"/>
  <testcase classname="testBase.DashboardPageTest" name="leaveListpageVerify006" time="1.437"/>
  <testcase classname="testBase.DashboardPageTest" name="timesheetpageVerify007" time="0.900"/>
  <testcase classname="testBase.DashboardPageTest" name="ApplyleavepageVerify08" time="0.924"/>
  <testcase classname="testBase.DashboardPageTest" name="ApplyleavepageVerify009" time="0.901"/>
  <testcase classname="testBase.DashboardPageTest" name="mytimesheetpageVerify0010" time="0.995"/>
  <testcase classname="testBase.DashboardPageTest" name="EmplloyeeLeavesettingVerify011" time="4.383"/>
  <testcase classname="testBase.DashboardPageTest" name="BUZpageVerify012" time="1.755"/>
  <testcase classname="testBase.DashboardPageTest" name="elementscreenshot_employeeimg_TWBox_Qlbox_MAbox013" time="2.354"/>
  <testcase classname="testBase.DashboardPageTest" name="EmployeeDistributionbySubUnit14" time="0.921"/>
  <testcase classname="testBase.DashboardPageTest" name="Verifyadminmenubuttonworkin" time="1.518"/>
</testsuite> <!-- testBase.DashboardPageTest -->
